<?xml version="1.0" encoding="UTF-8"?>
<testsuite xmlns:xsi="http://www.w3.org/2001/XMLSchema-instance" xsi:noNamespaceSchemaLocation="https://maven.apache.org/surefire/maven-surefire-plugin/xsd/surefire-test-report.xsd" name="TestSuite" time="2.305" tests="7" errors="0" skipped="0" failures="1">
  <properties>
[...]
</properties>
  <testcase name="productsPriceLessThanCustomPrice" classname="ApiProductsTests" time="1.028"/>
  <testcase name="productsPriceLessThanCustomPrice" classname="ApiProductsTests" time="0.066"/>
  <testcase name="productsPriceLessThanCustomPrice" classname="ApiProductsTests" time="0.069"/>
  <testcase name="productsShipCostLessThanCustomPrice" classname="ApiProductsTests" time="0.075">
    <failure message="expected [false] but found [true]" type="java.lang.AssertionError">java.lang.AssertionError: expected [false] but found [true]
	at ApiProductsTests.productsShipCostLessThanCustomPrice(ApiProductsTests.java:64)
</failure>
  </testcase>
  <testcase name="checkTheNameOfTheServiceProduct" classname="ApiServicesTests" time="0.032"/>
  <testcase name="checkTheNameOfTheServiceProduct" classname="ApiServicesTests" time="0.019"/>
  <testcase name="checkTheNameOfTheServiceProduct" classname="ApiServicesTests" time="0.018"/>
</testsuite>