-------------------------------------------------------------------------------
Test set: TestSuite
-------------------------------------------------------------------------------
Tests run: 7, Failures: 1, Errors: 0, Skipped: 0, Time elapsed: 2.305 s <<< FAILURE! - in TestSuite
productsShipCostLessThanCustomPrice(ApiProductsTests)  Time elapsed: 0.075 s  <<< FAILURE!
java.lang.AssertionError: expected [false] but found [true]
	at ApiProductsTests.productsShipCostLessThanCustomPrice(ApiProductsTests.java:64)

